<?xml version="1.0" encoding="UTF-8"?>
<!-- Generated by org.testng.reporters.JUnitReportReporter -->
<testsuite skipped="0" hostname="Rashmis-MacBook-Pro.local" name="testCases.UpdateOneProduct" tests="4" failures="0" timestamp="18 Jan 2023 21:39:49 GMT" time="3.814" errors="0">
  <testcase name="createOneProduct" time="1.988" classname="testCases.UpdateOneProduct"/>
  <testcase name="readAllProducts" time="1.088" classname="testCases.UpdateOneProduct"/>
  <testcase name="updateOneProduct" time="0.366" classname="testCases.UpdateOneProduct"/>
  <testcase name="readOneUpdatedProduct" time="0.372" classname="testCases.UpdateOneProduct"/>
</testsuite> <!-- testCases.UpdateOneProduct -->
