<?xml version="1.0" encoding="UTF-8"?>
<!-- Generated by org.testng.reporters.JUnitReportReporter -->
<testsuite skipped="0" hostname="Rashmis-MacBook-Pro.local" name="testCases.ReadAllProducts" tests="1" failures="0" timestamp="17 Jan 2023 23:34:55 GMT" time="2.821" errors="0">
  <testcase name="readAllProducts" time="2.821" classname="testCases.ReadAllProducts"/>
</testsuite> <!-- testCases.ReadAllProducts -->
