<?xml version="1.0" encoding="UTF-8"?>
<!-- Generated by org.testng.reporters.JUnitReportReporter -->
<testsuite skipped="0" hostname="Rashmis-MacBook-Pro.local" name="testCases.ReadOneProduct" tests="1" failures="0" timestamp="18 Jan 2023 18:31:15 GMT" time="1.856" errors="0">
  <testcase name="readOneProduct" time="1.856" classname="testCases.ReadOneProduct"/>
</testsuite> <!-- testCases.ReadOneProduct -->
