<?xml version="1.0" encoding="UTF-8"?>
<!-- Generated by org.testng.reporters.JUnitReportReporter -->
<testsuite skipped="0" hostname="Rashmis-MacBook-Pro.local" name="testCases.CreateOneProduct" tests="3" failures="0" timestamp="18 Jan 2023 21:35:52 GMT" time="3.316" errors="0">
  <testcase name="createOneProduct" time="2.104" classname="testCases.CreateOneProduct"/>
  <testcase name="readAllProducts" time="0.840" classname="testCases.CreateOneProduct"/>
  <testcase name="readOneProduct" time="0.372" classname="testCases.CreateOneProduct"/>
</testsuite> <!-- testCases.CreateOneProduct -->
